[2023-04-27 01:48:13:482 ] [32m[background-preinit][0;39m [34mINFO [0;39m [1;37m[org.hibernate.validator.internal.util.Version.<clinit>:[33m21[0;39m][0;39m - HV000001: Hibernate Validator 8.0.0.Final
[2023-04-27 01:48:13:512 ] [32m[main][0;39m [34mINFO [0;39m [1;37m[org.springframework.boot.StartupInfoLogger.logStarting:[33m51[0;39m][0;39m - Starting MoaApplication using Java 17.0.6 with PID 8276 (C:\Users\Kracken\Desktop\Work_space\MOA\out\production\classes started by Kracken in C:\Users\Kracken\Desktop\Work_space\MOA)
[2023-04-27 01:48:13:513 ] [32m[main][0;39m [34mINFO [0;39m [1;37m[org.springframework.boot.SpringApplication.logStartupProfileInfo:[33m638[0;39m][0;39m - The following 1 profile is active: "prod"
[2023-04-27 01:48:14:1074] [32m[main][0;39m [34mINFO [0;39m [1;37m[org.springframework.data.repository.config.RepositoryConfigurationDelegate.registerRepositoriesIn:[33m138[0;39m][0;39m - Bootstrapping Spring Data JPA repositories in DEFAULT mode.
[2023-04-27 01:48:14:1223] [32m[main][0;39m [34mINFO [0;39m [1;37m[org.springframework.data.repository.config.RepositoryConfigurationDelegate.registerRepositoriesIn:[33m208[0;39m][0;39m - Finished Spring Data repository scanning in 144 ms. Found 14 JPA repository interfaces.
[2023-04-27 01:48:15:1631] [32m[main][0;39m [34mINFO [0;39m [1;37m[org.springframework.boot.web.embedded.tomcat.TomcatWebServer.initialize:[33m108[0;39m][0;39m - Tomcat initialized with port(s): 8080 (http)
[2023-04-27 01:48:15:1639] [32m[main][0;39m [34mINFO [0;39m [1;37m[org.apache.juli.logging.DirectJDKLog.log:[33m173[0;39m][0;39m - Initializing ProtocolHandler ["http-nio-8080"]
[2023-04-27 01:48:15:1640] [32m[main][0;39m [34mINFO [0;39m [1;37m[org.apache.juli.logging.DirectJDKLog.log:[33m173[0;39m][0;39m - Starting service [Tomcat]
[2023-04-27 01:48:15:1640] [32m[main][0;39m [34mINFO [0;39m [1;37m[org.apache.juli.logging.DirectJDKLog.log:[33m173[0;39m][0;39m - Starting Servlet engine: [Apache Tomcat/10.1.5]
[2023-04-27 01:48:15:1713] [32m[main][0;39m [34mINFO [0;39m [1;37m[org.apache.juli.logging.DirectJDKLog.log:[33m173[0;39m][0;39m - Initializing Spring embedded WebApplicationContext
[2023-04-27 01:48:15:1713] [32m[main][0;39m [34mINFO [0;39m [1;37m[org.springframework.boot.web.servlet.context.ServletWebServerApplicationContext.prepareWebApplicationContext:[33m291[0;39m][0;39m - Root WebApplicationContext: initialization completed in 1173 ms
[2023-04-27 01:48:15:1821] [32m[main][0;39m [34mINFO [0;39m [1;37m[org.hibernate.jpa.internal.util.LogHelper.logPersistenceUnitInformation:[33m31[0;39m][0;39m - HHH000204: Processing PersistenceUnitInfo [name: default]
[2023-04-27 01:48:15:1868] [32m[main][0;39m [34mINFO [0;39m [1;37m[org.hibernate.Version.logVersion:[33m44[0;39m][0;39m - HHH000412: Hibernate ORM core version 6.1.7.Final
[2023-04-27 01:48:15:2093] [32m[main][0;39m [34mINFO [0;39m [1;37m[com.zaxxer.hikari.HikariDataSource.getConnection:[33m110[0;39m][0;39m - HikariPool-1 - Starting...
[2023-04-27 01:48:37:24218] [32m[main][0;39m [34mINFO [0;39m [1;37m[org.hibernate.engine.jdbc.dialect.internal.DialectFactoryImpl.logSelectedDialect:[33m66[0;39m][0;39m - HHH000400: Using dialect: org.hibernate.dialect.MySQL8Dialect
[2023-04-27 01:48:38:24958] [32m[main][0;39m [34mINFO [0;39m [1;37m[org.hibernate.engine.transaction.jta.platform.internal.JtaPlatformInitiator.initiateService:[33m51[0;39m][0;39m - HHH000490: Using JtaPlatform implementation: [org.hibernate.engine.transaction.jta.platform.internal.NoJtaPlatform]
[2023-04-27 01:48:38:24966] [32m[main][0;39m [34mINFO [0;39m [1;37m[org.springframework.orm.jpa.AbstractEntityManagerFactoryBean.buildNativeEntityManagerFactory:[33m437[0;39m][0;39m - Initialized JPA EntityManagerFactory for persistence unit 'default'
[2023-04-27 01:48:39:25965] [32m[main][0;39m [34mINFO [0;39m [1;37m[org.springframework.security.web.DefaultSecurityFilterChain.<init>:[33m54[0;39m][0;39m - Will secure any request with [org.springframework.security.web.session.DisableEncodeUrlFilter@20894afb, org.springframework.security.web.context.request.async.WebAsyncManagerIntegrationFilter@46823e8, org.springframework.security.web.context.SecurityContextHolderFilter@77510da, org.springframework.security.web.header.HeaderWriterFilter@e8bd42f, org.springframework.web.filter.CorsFilter@37e99c0f, org.springframework.security.web.authentication.logout.LogoutFilter@25198ead, com.moa.global.filter.BusinessExceptionHandlerFilter@3b802baa, com.moa.global.filter.LoginProcessFilter@64aab3fd, com.moa.global.filter.JwtAuthenticationFilter@6289376f, org.springframework.security.web.savedrequest.RequestCacheAwareFilter@1dec84e3, org.springframework.security.web.servletapi.SecurityContextHolderAwareRequestFilter@4fa2991, org.springframework.security.web.authentication.AnonymousAuthenticationFilter@29ae939c, org.springframework.security.web.access.ExceptionTranslationFilter@561e8bab, org.springframework.security.web.access.intercept.AuthorizationFilter@304e83a]
[2023-04-27 01:48:39:26180] [32m[main][0;39m [34mINFO [0;39m [1;37m[org.apache.juli.logging.DirectJDKLog.log:[33m173[0;39m][0;39m - Starting ProtocolHandler ["http-nio-8080"]
[2023-04-27 01:48:39:26193] [32m[main][0;39m [34mINFO [0;39m [1;37m[org.springframework.boot.web.embedded.tomcat.TomcatWebServer.start:[33m220[0;39m][0;39m - Tomcat started on port(s): 8080 (http) with context path ''
[2023-04-27 01:48:39:26199] [32m[main][0;39m [34mINFO [0;39m [1;37m[org.springframework.boot.StartupInfoLogger.logStarted:[33m57[0;39m][0;39m - Started MoaApplication in 26.095 seconds (process running for 26.573)
[2023-04-27 01:49:52:99306] [32m[SpringApplicationShutdownHook][0;39m [34mINFO [0;39m [1;37m[org.springframework.orm.jpa.AbstractEntityManagerFactoryBean.destroy:[33m650[0;39m][0;39m - Closing JPA EntityManagerFactory for persistence unit 'default'
